cat: ./data/rain/rainModuleUser.rdb: No such file or directory
username==rain,password===656000/1o0FJgVJ33d6mDAP5DV6neQNYciKtlw27uk1aWsNotbr07z0d1eEMz0RgWoKm/tEwNcB2U2AosqpNV9Kc.
cat: ./data/rain/rainModuleUser.rdb: No such file or directory
username==rain,password===656000/bTLjZ3LZ3oJOYWYqnHMFGo1M.ZNVddTqaZ/cFzschkM8P9KNQ6pBl7Ny8pi1.
cat: ./data/rain/rainModuleUser.rdb: No such file or directory
username==rain,password===656000$/vL8808qVEXsC.R6BAQfJLNmS.2HTAiCROYTkf5k3aTBjDSbnh14zDMaFz4kgGF64fk3gL8qPy4.B/LbW002YgsJhmOf0EUEYlYl.
cat: ./data/rain/rainModuleUser.rdb: No such file or directory
username==rain,password===656000.rp.W731QpgGguEP17ss6UH1Jt4RP/qObehkEnwBc4lzydhMvqFvyZJOLoWEa.
cat: ./data/rain/rainModuleUser.rdb: No such file or directory
username==rain,password===656000/f1p1qHriNMzgTObhxmd2A0mapVuVAixUWdEisJHrVljvasR5VDf3Nnpa.PgCfWlt8egdDv6U2de2TctgB.
cat: ./data/rain/rainModuleUser.rdb: No such file or directory
username==rain,password===656000.PbEmP8QsUNZ2l59YUuvpzkc.60eIGhZ569Csj7cQ/WtZf9JEtnoer1sdZYjhud0pic.
cat: ./data/rain/rainModuleUser.rdb: No such file or directory
username==rain,password===656000/R9PoKldfEdsQG2.kwSx4MArkIWJKA03Gsp0AXWAUpEJl76WOPAfV/Il9v1
cat: ./data/rain/rainModuleUser.rdb: No such file or directory
username==rain,password===6560002Sb9HWxYi5whO53E8yhcKJ/d12VHeS5Cir.DJOIxDMF24KkVsqYPM9.hClk/GIS3jhoKv4P8sTxh5NZCoIrf1
cat: ./data/rain/rainModuleUser.rdb: No such file or directory
username==rain,password===656000/gH5T.3pgS.fwf0vDMmQ7y.Hh9PmYPw.jx/uIjMb4v/vmPhxALlC9PalE2RpZNxcDVYBU/
cat: ./data/rain/rainModuleUser.rdb: No such file or directory
username==rain,password===656000MnXiKPVJj9hnMDZDXESZ0WuIWEd3wKCz26jvfuqXHkwFqj4CIYt5Gao4IaHD6eR1zhhtNWMrsnGDaeyvvKSP/
./bin/rainDB-shell: line 22: "id=="$id","${$INFO}: bad substitution
cat: ./data/rain/rainModuleUser.rdb: No such file or directory
username==rain,password===656000/41p57fCB8SGwspOrVN1K6A9VKXbpG8Gk/kGsggMU4uH2ptMpGm9LbcrOQMEB8Z7qfWp0V.QEKPn7k11zQ0fQ0
./bin/rainDB-shell: line 22: "id=="$id","${$INFO}: bad substitution
cat: ./data/rain/rainModuleUser.rdb: No such file or directory
username==rain,password===656000.R5Uookq0NJzwkqN5XCysKaB/gGwFSZNNAYIp3NnUXvK8yKkgbu1B.Kwl3qMjAS/uIssoFOxBG/YN1XAfVbZSIQRP2WWR1
./bin/rainDB-shell: line 22: "id=="$id","${$INFO}: bad substitution
cat: ./data/rain/rainModuleUser.rdb: No such file or directory
username==rain,password==$6$rounds=656000$GqayJr2clfRkqQpG$GUy2Tgg9YElZZUV69szHub6mXXqJbFqf.ZUhad5oxoOqyw3NUMBJ.PBbXf5bUpDFqwNEBJenBumlleFv9Oc.u/
./bin/rainDB-shell: line 22: "id=="$id","${$INFO}: bad substitution
cat: ./data/rain/rainModuleUser.rdb: No such file or directory
username==rain,password==$6$rounds=656000$IFULjL/jPVjOfhz0$L8HOXlUjN6Ot8VBZC2ZsRNk8scdHP6eSW6QkPq7QtbPlH5gKpAr/.Daqy.5u9wgFmnxgZaYehhOYvmgXa5sZM/
username==rainsty,password==$6$rounds=656000$PEFtVVhM9SjEf53F$Gg8gjraMOsxsMoUSf3gWEE0wID970ywbjbS7anxz.HTZDmX6ig6OBmnxXiGSyhxyklxO02T6.KDddh.Z/Qgx//
cat: ./data/rain/rainModuleUser.rdb: No such file or directory
username==rainsty,password==$6$rounds=656000$pIEE/BtHqoSvPA6h$p/bEJry1bNTNUvOhGo9UeCjhfa5LZXMS3ZAMI4SH/h7x70lodZxZVGYrPi5BHJZptf7aG0YAvJrcdRR.4zW3v1
