#
------------------------basic.py
16_uv4cMglKchGUtgyMMYNWK5jP0-VcDkHWmrh55-vP4dkoCjoDTokKxcC3Wcd31531d1oWdhuloEPc7elI6My9afF2EZRmkPRpBWj60jbeZgFnPZ-KKyQDGVBh7ARULaMSu_MMKkYSDm4N0o7mDUEiAIAWNX
7200
------------------------basic.py
------------------------basic.py
16_Rn7keie7L4vEuX9i3x3lCSQ_ybqRGCNRvLgxsGpWJvf40-S7oN7t9Q_I62Iz7FlmzrdHXZtdOODmR4TYUYqpDTukmKIHpLu82UxXJjH9ujw74yxJgdcEkgJoTrrTC4NAyz30nmp1IY_ZvdM8TPMdAEANJG
7200
------------------------basic.py
------------------------basic.py
16_HG3yibdSwzOus_RDmfi0GVUX62jMyyOvNzzl__mAHJ_NME9oBwNiaEsLFi_VxxgUpjAPfSHQyIdoXyaUayCGResMIEQaV0CNRuzs3kZsCgOOLV0f1WsX41SazcjjeRQaSbuUaFD4jznz6mItJTQhAJAPZW
7200
------------------------basic.py
------------------------basic.py
16_4KZSwIbtduXxwD7Dmfi0GVUX62jMyyOvNzzl__mAHJ_NME9oBwNiaEsLFi_eJppyY3xErxh7ZtjEcGxPttTLhkiKKb0C7QuGzxbjvB0VQwWrRa938NRvejm8VLSeG37VfWXAOBBK8M7zyBEiFDJhAJAUSY
7200
------------------------basic.py
------------------------basic.py
16_qO5PuKxausBPoC_WvFEIqHL50iWGZDFipAziPF5sI8N66Z7VQ3xwLkb1MSMBQ8OuT7DdIAPwxniZwqZU_DNfWXaw3kmoYUNBHFwmAW5-InCFeH_SK-xkf1ACtXoriG0kZqdc9fh3TDfJy_77YBDaAJASVX
7200
------------------------basic.py
------------------------basic.py
16_4BDzP78rwPeeyhI_vFEIqHL50iWGZDFipAziPF5sI8N66Z7VQ3xwLkb1MSMWgH8HNxElSIC_bEPbe98qDz80wdDcU4dgeSuvo-sMSHBSv_aAFOgLhT6CYpS6ubCpp_PflzbDSW3qBALaH9kkTUCaAJAJKS
7200
------------------------basic.py
------------------------basic.py
16_WOcL_N_mUwmd9XOiu27bMIg-tWTZCJMACqVTkTNQETo8XMejMGG9tOuNIxzh35Cx7sB2wmH1cDxb883KI9xRWzVM_tN-6u2XzMB66RL0SrJFY0VqTW_3Mh2-L7gXDAeAFACIF
7200
------------------------basic.py
------------------------basic.py
16_4pNIlMQXbtIW6KPmu27bMIg-tWTZCJMACqVTkTNQETo8XMejMGG9tOuNIxz1h_036QEyrsUD15lTBx4Joid8JLNMnh-mn3TxOY9K8_6Jyx7E2OrgsR86dvkg3PEBFSeAFAUYL
7200
------------------------basic.py
------------------------basic.py
16_GJ6YTrfUnUrW5KOWMQkz4IeA0nHeDN-sNTEbLVjc9Ddlblp6I_u1Hh6-FoLVmZybiKCgl6u-oJtHLCLgnbl-wD-WTF285NdSQ7SCaPnu0rBemKu5JDL_-uWbLvjxUiFEgmWxoRnznznhra0aWJKjAIABOP
7200
------------------------basic.py
------------------------basic.py
16_z9GTP8I3bmALhu1eMQkz4IeA0nHeDN-sNTEbLVjc9Ddlblp6I_u1Hh6-FoLbl42dYEIANgmiZfgFx1aKNCMKaFMJMY7lvEYwv_DUycxa1Mh3zK8QuJGpH02WZNdVGddWfAxd05Q7P9W_09GXCYBjAIASOR
7200
------------------------basic.py
------------------------basic.py
16_5AJR7aLwmhEOH6TBanw0TDZxayjNvx8TQEVvDBPbb73dFirPJE-u_J9fBQxCFYprtEaOfA_OwCKMDpn8U4iH4MYr2BFGuCBqPfHapkETGpDYpQO0GJFMe2iUGSgfv7cbkLuuXIUElwzT1DPeAAQbACAIIY
7200
------------------------basic.py
------------------------basic.py
16_o67V8iGm4t9tymECanw0TDZxayjNvx8TQEVvDBPbb73dFirPJE-u_J9fBQzqzRFPvkGC-1HBRw-5zm5-ChgdlgWzMiBx342D_kqFPoEclp2_AwFrAyR55ap9g0WE2MrHllGZoxC5YhyTT-omRCZbACAZKH
7199
------------------------basic.py
------------------------basic.py
16_bT1VN-C40jqUpK8nanw0TDZxayjNvx8TQEVvDBPbb73dFirPJE-u_J9fBQydhzM9l2-I04kq78njUcnKEGbStDtpVp1Hyh_OY3GCTW4rt1Of60BqeVUdLRPOhxXIpOb-OMgVP8nXwhiahcOPRVBbACABFL
7200
------------------------basic.py
------------------------basic.py
16_afjyr93WYADRV9y3_aa0kzzEm3SxqKr7XpfwFDD9g1yarOynXKgPaS0Mty0mZxGNavywJmkqXXL0ErjX__PUKChtX4bx_wDfMKq_kLQiYfQsFhWExUH691J8kuu3Hp9oVR__OgP7U4n6E6sJEUTjAEAAQP
7200
------------------------basic.py
------------------------basic.py
16_ZG_RvU0cdOxLRKPG57cG55xo6AP86lmAbH0yNc_ovzysQtfdiXsQ9vjmaAUbcYUbtZKvJlo-VNlqGknvZmI7MKSGEqshfCBSaUpUIr8gz9pdOg0k7AHhOX2vCmFTdG8BCvKXyWUDBm-cnFJXNQOhABADGE
7200
------------------------basic.py
------------------------basic.py
16_H30DkzMNJwBVx-KA57cG55xo6AP86lmAbH0yNc_ovzysQtfdiXsQ9vjmaAW_GUSaTCaSU15lIrJvQK8KrF5cZQII2ctIahPwPdA_6KnwhSB0Ph9mwk-5qRe6FiLwOxnubRi814vJQD4YqZ4lRTShABAFHG
7199
------------------------basic.py
------------------------basic.py
16_x_az3FgzXvXE5jUHaUNAgGxqKOsR6ksyNXE18hgY0YhCFFpMqb7o9goswByA7TeT9_ET_2qXEUMCTy5ZRCbEpKt-16n9KgrUYZjyH-G7_7Nbh0yDXNF6YcfBUM4BPZfAJAWKU
7200
------------------------basic.py
------------------------basic.py
16_OJhAkr4zo0IpyKfuaUNAgGxqKOsR6ksyNXE18hgY0YhCFFpMqb7o9goswBznycpdJQOpAX5I4Y2THS8rEFOxwlFmwNlj01Ob0w8MGjG-gnh1y_lj2WN0gla-DxIKGPfAJAOKT
7200
------------------------basic.py
------------------------basic.py
16_0xygi7Tciu67SPiUkc4oJ1eWMauqt_kpP7TikBrQ6GK8sY0AZaH9LhIrHl5qfPHBeZD194P2ME3oWDCHmiQr88WUj--wHEvOD6TkfjRHO41KRhIslej12uDVbcAxksocCQ2tu370zsHzHk8MIPQcAHADKL
7200
------------------------basic.py
------------------------basic.py
16_ktEGUQoRvG6cELEOkc4oJ1eWMauqt_kpP7TikBrQ6GK8sY0AZaH9LhIrHl7Y0hYizgKOADQUlDxO35yIM5Rcubyf2LpcxeweVmA55-7YanbiM_4tHoHy_hGe3mgk_TmZbmzAbVABhQ08WW6mSWNcAHANRI
7200
------------------------basic.py
